platforms/android/app/build/intermediates/manifest_merge_blame_file/debug/manifest-merger-blame-debug-report.txt
1<?xml version="1.0" encoding="utf-8"?>
2<manifest xmlns:android="http://schemas.android.com/apk/res/android"
3    package="hayduk.armadores"
4    android:versionCode="1"
5    android:versionName="1.0.0" >
6
7    <uses-sdk
8        android:minSdkVersion="23"
8-->src/main/AndroidManifest.xml
9        android:targetSdkVersion="30" />
9-->src/main/AndroidManifest.xml
10
11    <supports-screens
11-->src/main/AndroidManifest.xml:8:2-12:33
12        android:largeScreens="true"
12-->src/main/AndroidManifest.xml:11:3-30
13        android:normalScreens="true"
13-->src/main/AndroidManifest.xml:10:3-31
14        android:smallScreens="true"
14-->src/main/AndroidManifest.xml:9:3-30
15        android:xlargeScreens="true" />
15-->src/main/AndroidManifest.xml:12:3-31
16
17    <uses-permission android:name="android.permission.READ_EXTERNAL_STORAGE" />
17-->src/main/AndroidManifest.xml:14:2-76
17-->src/main/AndroidManifest.xml:14:19-74
18    <uses-permission android:name="android.permission.WRITE_EXTERNAL_STORAGE" />
18-->src/main/AndroidManifest.xml:15:2-77
18-->src/main/AndroidManifest.xml:15:19-75
19    <uses-permission android:name="android.permission.INTERNET" />
19-->src/main/AndroidManifest.xml:16:2-63
19-->src/main/AndroidManifest.xml:16:19-61
20    <uses-permission android:name="android.permission.USE_FINGERPRINT" />
20-->[com.sap.cloud.android:onboarding:3.1.4] AndroidManifest.xml:9:5-74
20-->[com.sap.cloud.android:onboarding:3.1.4] AndroidManifest.xml:9:22-71
21    <uses-permission android:name="android.permission.CAMERA" />
21-->[com.sap.cloud.android:fiori:3.1.4] AndroidManifest.xml:9:5-65
21-->[com.sap.cloud.android:fiori:3.1.4] AndroidManifest.xml:9:22-62
22    <uses-permission android:name="android.permission.ACCESS_COARSE_LOCATION" />
22-->[com.sap.cloud.android:foundation:3.1.4] AndroidManifest.xml:10:5-81
22-->[com.sap.cloud.android:foundation:3.1.4] AndroidManifest.xml:10:22-78
23    <uses-permission android:name="android.permission.ACCESS_NETWORK_STATE" />
23-->[com.sap.cloud.android:foundation:3.1.4] AndroidManifest.xml:11:5-79
23-->[com.sap.cloud.android:foundation:3.1.4] AndroidManifest.xml:11:22-76
24
25    <meta-data
25-->[com.sap.cloud.android:google-vision:3.1.4] AndroidManifest.xml:11:5-13:35
26        android:name="com.google.android.gms.vision.DEPENDENCIES"
26-->[com.sap.cloud.android:google-vision:3.1.4] AndroidManifest.xml:12:9-66
27        android:value="barcode" />
27-->[com.sap.cloud.android:google-vision:3.1.4] AndroidManifest.xml:13:9-32
28
29    <uses-permission android:name="android.permission.USE_BIOMETRIC" />
29-->[androidx.biometric:biometric:1.0.0] AndroidManifest.xml:24:5-72
29-->[androidx.biometric:biometric:1.0.0] AndroidManifest.xml:24:22-69
30    <uses-permission android:name="android.permission.WAKE_LOCK" />
30-->[:cloud_mobile_odata-release:] AndroidManifest.xml:11:5-68
30-->[:cloud_mobile_odata-release:] AndroidManifest.xml:11:22-65
31
32    <uses-feature
32-->[:cloud_mobile_ui-release:] AndroidManifest.xml:15:5-17:36
33        android:name="android.hardware.fingerprint"
33-->[:cloud_mobile_ui-release:] AndroidManifest.xml:16:9-52
34        android:required="false" />
34-->[:cloud_mobile_ui-release:] AndroidManifest.xml:17:9-33
35
36    <uses-permission android:name="android.permission.RECEIVE_BOOT_COMPLETED" /> <!-- Required by older versions of Google Play services to create IID tokens -->
36-->[androidx.work:work-runtime:2.2.0] AndroidManifest.xml:27:5-81
36-->[androidx.work:work-runtime:2.2.0] AndroidManifest.xml:27:22-78
37    <uses-permission android:name="com.google.android.c2dm.permission.RECEIVE" />
37-->[com.google.firebase:firebase-iid:20.0.2] AndroidManifest.xml:26:5-82
37-->[com.google.firebase:firebase-iid:20.0.2] AndroidManifest.xml:26:22-79
38    <uses-permission android:name="com.google.android.finsky.permission.BIND_GET_INSTALL_REFERRER_SERVICE" />
38-->[com.google.android.gms:play-services-measurement:17.2.1] AndroidManifest.xml:26:5-110
38-->[com.google.android.gms:play-services-measurement:17.2.1] AndroidManifest.xml:26:22-107
39
40    <application
40-->src/main/AndroidManifest.xml:18:2-68:16
41        android:name="sap.mdkclient.MDKAndroidApplication"
41-->src/main/AndroidManifest.xml:19:3-53
42        android:allowBackup="false"
42-->src/main/AndroidManifest.xml:21:3-30
43        android:appComponentFactory="androidx.core.app.CoreComponentFactory"
43-->[androidx.core:core:1.1.0] AndroidManifest.xml:24:18-86
44        android:debuggable="true"
45        android:icon="@drawable/icon"
45-->src/main/AndroidManifest.xml:22:3-32
46        android:label="@string/mdk_app_name"
46-->src/main/AndroidManifest.xml:23:3-39
47        android:resizeableActivity="false"
47-->src/main/AndroidManifest.xml:24:3-37
48        android:supportsRtl="true"
48-->[com.sap.cloud.android:onboarding:3.1.4] AndroidManifest.xml:11:18-44
49        android:theme="@style/MDKAppTheme"
49-->src/main/AndroidManifest.xml:25:3-37
50        android:usesCleartextTraffic="true" >
50-->src/main/AndroidManifest.xml:26:3-38
51        <activity
51-->src/main/AndroidManifest.xml:28:3-47:14
52            android:name="sap.mdkclient.MDKAndroidActivity"
52-->src/main/AndroidManifest.xml:29:7-54
53            android:configChanges="keyboardHidden|orientation|screenSize|layoutDirection|locale|fontScale"
53-->src/main/AndroidManifest.xml:31:4-98
54            android:label="@string/mdk_app_name"
54-->src/main/AndroidManifest.xml:30:4-40
55            android:theme="@style/LaunchScreenTheme" >
55-->src/main/AndroidManifest.xml:32:4-44
56            <meta-data
56-->src/main/AndroidManifest.xml:34:4-90
57                android:name="SET_THEME_ON_LAUNCH"
57-->src/main/AndroidManifest.xml:34:15-49
58                android:resource="@style/MDKAppTheme" />
58-->src/main/AndroidManifest.xml:34:50-87
59
60            <intent-filter>
60-->src/main/AndroidManifest.xml:36:4-39:20
61                <action android:name="android.intent.action.MAIN" />
61-->src/main/AndroidManifest.xml:37:5-57
61-->src/main/AndroidManifest.xml:37:13-54
62
63                <category android:name="android.intent.category.LAUNCHER" />
63-->src/main/AndroidManifest.xml:38:5-65
63-->src/main/AndroidManifest.xml:38:15-62
64            </intent-filter>
65            <intent-filter>
65-->src/main/AndroidManifest.xml:40:6-46:22
66                <action android:name="android.intent.action.VIEW" />
66-->src/main/AndroidManifest.xml:41:9-61
66-->src/main/AndroidManifest.xml:41:17-58
67
68                <category android:name="android.intent.category.DEFAULT" />
68-->src/main/AndroidManifest.xml:42:9-68
68-->src/main/AndroidManifest.xml:42:19-65
69                <category android:name="android.intent.category.BROWSABLE" />
69-->src/main/AndroidManifest.xml:43:9-70
69-->src/main/AndroidManifest.xml:43:19-67
70                <!-- Accepts URIs that begin with "mdkclient://” -->
71                <data android:scheme="mdkclient" />
71-->src/main/AndroidManifest.xml:45:9-44
71-->src/main/AndroidManifest.xml:45:15-41
72            </intent-filter>
73        </activity>
74        <activity android:name="com.tns.ErrorReportActivity" />
74-->src/main/AndroidManifest.xml:48:3-58
74-->src/main/AndroidManifest.xml:48:13-55
75
76        <provider
76-->src/main/AndroidManifest.xml:49:3-58:14
77            android:name="androidx.core.content.FileProvider"
77-->src/main/AndroidManifest.xml:50:5-54
78            android:authorities="hayduk.armadores.fileprovider"
78-->src/main/AndroidManifest.xml:51:5-56
79            android:exported="false"
79-->src/main/AndroidManifest.xml:53:5-29
80            android:grantUriPermissions="true" >
80-->src/main/AndroidManifest.xml:52:5-39
81            <meta-data
81-->src/main/AndroidManifest.xml:55:5-57:43
82                android:name="android.support.FILE_PROVIDER_PATHS"
82-->src/main/AndroidManifest.xml:56:7-57
83                android:resource="@xml/filepaths" />
83-->src/main/AndroidManifest.xml:57:7-40
84        </provider>
85
86        <activity
86-->src/main/AndroidManifest.xml:59:3-61:76
87            android:name="com.sap.cloud.mobile.onboarding.qrcodereader.google.QRCodeReaderActivity"
87-->src/main/AndroidManifest.xml:59:13-100
88            android:label="@string/mdk_app_name"
88-->[:cloud_mobile_ui-release:] AndroidManifest.xml:117:13-49
89            android:theme="@style/FioriTheme.NoActionBar" >
89-->[:cloud_mobile_ui-release:] AndroidManifest.xml:118:13-58
90            <meta-data
90-->[:cloud_mobile_ui-release:] AndroidManifest.xml:27:13-29:102
91                android:name="action_handler"
91-->[:cloud_mobile_ui-release:] AndroidManifest.xml:28:17-46
92                android:value="com.sap.mdk.client.ui.fiori.barcodescanner.QRCodeReaderActionHandlerImpl" />
92-->[:cloud_mobile_ui-release:] AndroidManifest.xml:29:17-99
93        </activity>
94
95        <service android:name="com.sap.mdk.client.foundation.push.PushNotificationService" >
95-->src/main/AndroidManifest.xml:62:3-67:13
95-->src/main/AndroidManifest.xml:63:5-78
96            <intent-filter>
96-->src/main/AndroidManifest.xml:64:5-66:21
97                <action android:name="com.google.firebase.MESSAGING_EVENT" />
97-->src/main/AndroidManifest.xml:65:7-67
97-->src/main/AndroidManifest.xml:65:15-65
98            </intent-filter>
99        </service>
100
101        <activity
101-->[com.sap.cloud.android:onboarding:3.1.4] AndroidManifest.xml:12:9-14:69
102            android:name="com.sap.cloud.mobile.onboarding.launchscreen.LaunchScreenActivity"
102-->[com.sap.cloud.android:onboarding:3.1.4] AndroidManifest.xml:13:13-93
103            android:theme="@style/Onboarding.Default.Light.Theme" />
103-->[com.sap.cloud.android:onboarding:3.1.4] AndroidManifest.xml:14:13-66
104        <activity
104-->[com.sap.cloud.android:onboarding:3.1.4] AndroidManifest.xml:15:9-18:58
105            android:name="com.sap.cloud.mobile.onboarding.activation.ActivationActivity"
105-->[com.sap.cloud.android:onboarding:3.1.4] AndroidManifest.xml:16:13-89
106            android:theme="@style/Onboarding.Default.Light.Theme"
106-->[com.sap.cloud.android:onboarding:3.1.4] AndroidManifest.xml:17:13-66
107            android:windowSoftInputMode="adjustResize" />
107-->[com.sap.cloud.android:onboarding:3.1.4] AndroidManifest.xml:18:13-55
108        <activity
108-->[com.sap.cloud.android:onboarding:3.1.4] AndroidManifest.xml:19:9-21:69
109            android:name="com.sap.cloud.mobile.onboarding.eula.EULAScreenActivity"
109-->[com.sap.cloud.android:onboarding:3.1.4] AndroidManifest.xml:20:13-83
110            android:theme="@style/Onboarding.Default.Light.Theme" />
110-->[com.sap.cloud.android:onboarding:3.1.4] AndroidManifest.xml:21:13-66
111        <activity
111-->[com.sap.cloud.android:onboarding:3.1.4] AndroidManifest.xml:22:9-24:69
112            android:name="com.sap.cloud.mobile.onboarding.consent.ConsentScreenActivity"
112-->[com.sap.cloud.android:onboarding:3.1.4] AndroidManifest.xml:23:13-89
113            android:theme="@style/Onboarding.Default.Light.Theme" />
113-->[com.sap.cloud.android:onboarding:3.1.4] AndroidManifest.xml:24:13-66
114        <activity
114-->[com.sap.cloud.android:onboarding:3.1.4] AndroidManifest.xml:25:9-28:20
115            android:name="com.sap.cloud.mobile.onboarding.passcode.ChangePasscodeActivity"
115-->[com.sap.cloud.android:onboarding:3.1.4] AndroidManifest.xml:26:13-91
116            android:configChanges="keyboardHidden|orientation|screenSize"
116-->[:cloud_mobile_ui-release:] AndroidManifest.xml:37:13-74
117            android:theme="@style/Onboarding.Default.Light.Theme" >
117-->[com.sap.cloud.android:onboarding:3.1.4] AndroidManifest.xml:27:13-66
118            <meta-data
118-->[:cloud_mobile_ui-release:] AndroidManifest.xml:27:13-29:102
119                android:name="action_handler"
119-->[:cloud_mobile_ui-release:] AndroidManifest.xml:28:17-46
120                android:value="com.sap.mdk.client.ui.onboarding.PasscodeActionHandlerImpl" />
120-->[:cloud_mobile_ui-release:] AndroidManifest.xml:29:17-99
121            <meta-data
121-->[:cloud_mobile_ui-release:] AndroidManifest.xml:41:13-43:104
122                android:name="validation_action_handler"
122-->[:cloud_mobile_ui-release:] AndroidManifest.xml:42:17-57
123                android:value="com.sap.mdk.client.ui.onboarding.PasscodeValidationActionHandlerImpl" />
123-->[:cloud_mobile_ui-release:] AndroidManifest.xml:43:17-101
124        </activity>
125        <activity
125-->[com.sap.cloud.android:onboarding:3.1.4] AndroidManifest.xml:29:9-31:69
126            android:name="com.sap.cloud.mobile.onboarding.fingerprint.EnableFingerprintActivity"
126-->[com.sap.cloud.android:onboarding:3.1.4] AndroidManifest.xml:30:13-97
127            android:theme="@style/Onboarding.Default.Light.Theme" />
127-->[com.sap.cloud.android:onboarding:3.1.4] AndroidManifest.xml:31:13-66
128        <activity
128-->[com.sap.cloud.android:onboarding:3.1.4] AndroidManifest.xml:32:9-34:69
129            android:name="com.sap.cloud.mobile.onboarding.passcode.SetPasscodeActivity"
129-->[com.sap.cloud.android:onboarding:3.1.4] AndroidManifest.xml:33:13-88
130            android:configChanges="keyboardHidden|orientation|screenSize"
130-->[:cloud_mobile_ui-release:] AndroidManifest.xml:47:13-74
131            android:parentActivityName="com.sap.mdk.client.ui.onboarding.WelcomeScreenActivity"
131-->[:cloud_mobile_ui-release:] AndroidManifest.xml:48:13-96
132            android:theme="@style/Onboarding.Default.Light.Theme" >
132-->[com.sap.cloud.android:onboarding:3.1.4] AndroidManifest.xml:34:13-66
133            <meta-data
133-->[:cloud_mobile_ui-release:] AndroidManifest.xml:27:13-29:102
134                android:name="action_handler"
134-->[:cloud_mobile_ui-release:] AndroidManifest.xml:28:17-46
135                android:value="com.sap.mdk.client.ui.onboarding.PasscodeActionHandlerImpl" />
135-->[:cloud_mobile_ui-release:] AndroidManifest.xml:29:17-99
136            <meta-data
136-->[:cloud_mobile_ui-release:] AndroidManifest.xml:41:13-43:104
137                android:name="validation_action_handler"
137-->[:cloud_mobile_ui-release:] AndroidManifest.xml:42:17-57
138                android:value="com.sap.mdk.client.ui.onboarding.MDKPasscodeValidationActionHandler" />
138-->[:cloud_mobile_ui-release:] AndroidManifest.xml:43:17-101
139            <meta-data
139-->[:cloud_mobile_ui-release:] AndroidManifest.xml:55:13-57:69
140                android:name="android.support.PARENT_ACTIVITY"
140-->[:cloud_mobile_ui-release:] AndroidManifest.xml:56:17-63
141                android:value=".onboarding.WelcomeScreenActivity" />
141-->[:cloud_mobile_ui-release:] AndroidManifest.xml:57:17-66
142        </activity>
143        <activity
143-->[com.sap.cloud.android:onboarding:3.1.4] AndroidManifest.xml:35:9-37:69
144            android:name="com.sap.cloud.mobile.onboarding.passcode.EnterPasscodeActivity"
144-->[com.sap.cloud.android:onboarding:3.1.4] AndroidManifest.xml:36:13-90
145            android:configChanges="keyboardHidden|orientation|screenSize"
145-->[:cloud_mobile_ui-release:] AndroidManifest.xml:61:13-74
146            android:theme="@style/Onboarding.Default.Light.Theme" >
146-->[com.sap.cloud.android:onboarding:3.1.4] AndroidManifest.xml:37:13-66
147            <meta-data
147-->[:cloud_mobile_ui-release:] AndroidManifest.xml:27:13-29:102
148                android:name="action_handler"
148-->[:cloud_mobile_ui-release:] AndroidManifest.xml:28:17-46
149                android:value="com.sap.mdk.client.ui.onboarding.PasscodeActionHandlerImpl" />
149-->[:cloud_mobile_ui-release:] AndroidManifest.xml:29:17-99
150        </activity>
151        <activity
151-->[com.sap.cloud.android:onboarding:3.1.4] AndroidManifest.xml:38:9-40:69
152            android:name="com.sap.cloud.mobile.onboarding.passcode.ConfirmPasscodeActivity"
152-->[com.sap.cloud.android:onboarding:3.1.4] AndroidManifest.xml:39:13-92
153            android:configChanges="keyboardHidden|orientation|screenSize"
153-->[:cloud_mobile_ui-release:] AndroidManifest.xml:68:13-74
154            android:parentActivityName="com.sap.mdk.client.ui.onboarding.WelcomeScreenActivity"
154-->[:cloud_mobile_ui-release:] AndroidManifest.xml:69:13-96
155            android:theme="@style/Onboarding.Default.Light.Theme" >
155-->[com.sap.cloud.android:onboarding:3.1.4] AndroidManifest.xml:40:13-66
156            <meta-data
156-->[:cloud_mobile_ui-release:] AndroidManifest.xml:27:13-29:102
157                android:name="action_handler"
157-->[:cloud_mobile_ui-release:] AndroidManifest.xml:28:17-46
158                android:value="com.sap.mdk.client.ui.onboarding.PasscodeActionHandlerImpl" />
158-->[:cloud_mobile_ui-release:] AndroidManifest.xml:29:17-99
159        </activity>
160        <activity
160-->[com.sap.cloud.android:onboarding:3.1.4] AndroidManifest.xml:41:9-43:69
161            android:name="com.sap.cloud.mobile.onboarding.fingerprint.FingerprintErrorActivity"
161-->[com.sap.cloud.android:onboarding:3.1.4] AndroidManifest.xml:42:13-96
162            android:parentActivityName="com.sap.mdk.client.ui.onboarding.WelcomeScreenActivity"
162-->[:cloud_mobile_ui-release:] AndroidManifest.xml:84:13-96
163            android:theme="@style/Onboarding.Default.Light.Theme" >
163-->[com.sap.cloud.android:onboarding:3.1.4] AndroidManifest.xml:43:13-66
164            <meta-data
164-->[:cloud_mobile_ui-release:] AndroidManifest.xml:27:13-29:102
165                android:name="action_handler"
165-->[:cloud_mobile_ui-release:] AndroidManifest.xml:28:17-46
166                android:value="com.sap.mdk.client.ui.onboarding.FingerprintActionHandlerImpl" />
166-->[:cloud_mobile_ui-release:] AndroidManifest.xml:29:17-99
167        </activity>
168        <activity
168-->[com.sap.cloud.android:onboarding:3.1.4] AndroidManifest.xml:44:9-46:69
169            android:name="com.sap.cloud.mobile.onboarding.fingerprint.FingerprintActivity"
169-->[com.sap.cloud.android:onboarding:3.1.4] AndroidManifest.xml:45:13-91
170            android:configChanges="keyboardHidden|orientation|screenSize"
170-->[:cloud_mobile_ui-release:] AndroidManifest.xml:76:13-74
171            android:parentActivityName="com.sap.mdk.client.ui.onboarding.WelcomeScreenActivity"
171-->[:cloud_mobile_ui-release:] AndroidManifest.xml:77:13-96
172            android:theme="@style/Onboarding.Default.Light.Theme" >
172-->[com.sap.cloud.android:onboarding:3.1.4] AndroidManifest.xml:46:13-66
173            <meta-data
173-->[:cloud_mobile_ui-release:] AndroidManifest.xml:27:13-29:102
174                android:name="action_handler"
174-->[:cloud_mobile_ui-release:] AndroidManifest.xml:28:17-46
175                android:value="com.sap.mdk.client.ui.onboarding.FingerprintActionHandlerImpl" />
175-->[:cloud_mobile_ui-release:] AndroidManifest.xml:29:17-99
176        </activity>
177        <activity
177-->[com.sap.cloud.android:onboarding:3.1.4] AndroidManifest.xml:47:9-50:20
178            android:name="com.sap.cloud.mobile.onboarding.qrcodereader.QRCodeConfirmActivity"
178-->[com.sap.cloud.android:onboarding:3.1.4] AndroidManifest.xml:48:13-94
179            android:theme="@style/Theme.AppCompat.Light.NoActionBar" >
179-->[com.sap.cloud.android:onboarding:3.1.4] AndroidManifest.xml:49:13-69
180        </activity>
181        <activity
181-->[com.sap.cloud.android:fiori:3.1.4] AndroidManifest.xml:12:9-14:49
182            android:name="com.sap.cloud.mobile.fiori.formcell.TextViewFormCellFilterActivity"
182-->[com.sap.cloud.android:fiori:3.1.4] AndroidManifest.xml:13:13-94
183            android:theme="@style/FioriTheme" />
183-->[com.sap.cloud.android:fiori:3.1.4] AndroidManifest.xml:14:13-46
184
185        <meta-data
185-->[com.sap.cloud.android:fiori:3.1.4] AndroidManifest.xml:16:9-18:36
186            android:name="com.google.firebase.ml.vision.DEPENDENCIES"
186-->[com.sap.cloud.android:fiori:3.1.4] AndroidManifest.xml:17:13-70
187            android:value="text" />
187-->[com.sap.cloud.android:fiori:3.1.4] AndroidManifest.xml:18:13-33
188
189        <activity
189-->[com.sap.cloud.android:foundation:3.1.4] AndroidManifest.xml:18:9-29:20
190            android:name="com.sap.cloud.mobile.foundation.authentication.OtpResponseActivity"
190-->[com.sap.cloud.android:foundation:3.1.4] AndroidManifest.xml:19:13-94
191            android:exported="true" >
191-->[com.sap.cloud.android:foundation:3.1.4] AndroidManifest.xml:20:13-36
192            <intent-filter>
192-->[com.sap.cloud.android:foundation:3.1.4] AndroidManifest.xml:21:13-28:29
193                <action android:name="android.intent.action.VIEW" />
193-->src/main/AndroidManifest.xml:41:9-61
193-->src/main/AndroidManifest.xml:41:17-58
194
195                <category android:name="android.intent.category.DEFAULT" />
195-->src/main/AndroidManifest.xml:42:9-68
195-->src/main/AndroidManifest.xml:42:19-65
196                <category android:name="android.intent.category.BROWSABLE" />
196-->src/main/AndroidManifest.xml:43:9-70
196-->src/main/AndroidManifest.xml:43:19-67
197
198                <data android:scheme="hayduk.armadores.xcallbackurl" />
198-->src/main/AndroidManifest.xml:45:9-44
198-->src/main/AndroidManifest.xml:45:15-41
199            </intent-filter>
200        </activity>
201        <activity
201-->[com.sap.cloud.android:foundation:3.1.4] AndroidManifest.xml:30:9-36:58
202            android:name="com.sap.cloud.mobile.foundation.authentication.OAuth2AuthorizationActivity"
202-->[com.sap.cloud.android:foundation:3.1.4] AndroidManifest.xml:31:13-102
203            android:configChanges="orientation|keyboardHidden|keyboard|screenSize|smallestScreenSize|screenLayout|locale"
203-->[com.sap.cloud.android:foundation:3.1.4] AndroidManifest.xml:32:13-122
204            android:exported="false"
204-->[com.sap.cloud.android:foundation:3.1.4] AndroidManifest.xml:33:13-37
205            android:launchMode="singleTask"
205-->[com.sap.cloud.android:foundation:3.1.4] AndroidManifest.xml:34:13-44
206            android:theme="@android:style/Theme.Translucent.NoTitleBar"
206-->[com.sap.cloud.android:foundation:3.1.4] AndroidManifest.xml:35:13-72
207            android:windowSoftInputMode="adjustResize" />
207-->[com.sap.cloud.android:foundation:3.1.4] AndroidManifest.xml:36:13-55
208        <activity
208-->[com.sap.cloud.android:foundation:3.1.4] AndroidManifest.xml:37:9-48:20
209            android:name="com.sap.cloud.mobile.foundation.authentication.OAuth2RedirectActivity"
209-->[com.sap.cloud.android:foundation:3.1.4] AndroidManifest.xml:38:13-97
210            android:exported="true" >
210-->[com.sap.cloud.android:foundation:3.1.4] AndroidManifest.xml:39:13-36
211            <intent-filter>
211-->[com.sap.cloud.android:foundation:3.1.4] AndroidManifest.xml:40:13-47:29
212                <action android:name="android.intent.action.VIEW" />
212-->src/main/AndroidManifest.xml:41:9-61
212-->src/main/AndroidManifest.xml:41:17-58
213
214                <category android:name="android.intent.category.DEFAULT" />
214-->src/main/AndroidManifest.xml:42:9-68
214-->src/main/AndroidManifest.xml:42:19-65
215                <category android:name="android.intent.category.BROWSABLE" />
215-->src/main/AndroidManifest.xml:43:9-70
215-->src/main/AndroidManifest.xml:43:19-67
216
217                <data android:scheme="hayduk.armadores" />
217-->src/main/AndroidManifest.xml:45:9-44
217-->src/main/AndroidManifest.xml:45:15-41
218            </intent-filter>
219        </activity>
220        <activity
220-->[com.sap.cloud.android:foundation:3.1.4] AndroidManifest.xml:49:9-54:58
221            android:name="com.sap.cloud.mobile.foundation.authentication.WebViewActivity"
221-->[com.sap.cloud.android:foundation:3.1.4] AndroidManifest.xml:50:13-90
222            android:configChanges="orientation|keyboardHidden|keyboard|screenSize|smallestScreenSize|screenLayout|locale"
222-->[com.sap.cloud.android:foundation:3.1.4] AndroidManifest.xml:51:13-122
223            android:exported="false"
223-->[com.sap.cloud.android:foundation:3.1.4] AndroidManifest.xml:52:13-37
224            android:theme="@style/WebView.Theme"
224-->[com.sap.cloud.android:foundation:3.1.4] AndroidManifest.xml:53:13-49
225            android:windowSoftInputMode="adjustResize" />
225-->[com.sap.cloud.android:foundation:3.1.4] AndroidManifest.xml:54:13-55
226        <activity
226-->[com.sap.cloud.android:foundation:3.1.4] AndroidManifest.xml:55:9-61:20
227            android:name="com.sap.cloud.mobile.foundation.authentication.BasicAuthActivity"
227-->[com.sap.cloud.android:foundation:3.1.4] AndroidManifest.xml:56:13-92
228            android:configChanges="orientation|keyboardHidden|keyboard|screenSize|smallestScreenSize|screenLayout|locale"
228-->[com.sap.cloud.android:foundation:3.1.4] AndroidManifest.xml:57:13-122
229            android:exported="false"
229-->[com.sap.cloud.android:foundation:3.1.4] AndroidManifest.xml:58:13-37
230            android:theme="@android:style/Theme.Translucent.NoTitleBar"
230-->[com.sap.cloud.android:foundation:3.1.4] AndroidManifest.xml:59:13-72
231            android:windowSoftInputMode="adjustResize" >
231-->[com.sap.cloud.android:foundation:3.1.4] AndroidManifest.xml:60:13-55
232        </activity>
233
234        <service android:name="com.sap.cloud.mobile.foundation.remotenotification.SAPFirebaseMessagingService" >
234-->[com.sap.cloud.android:foundation:3.1.4] AndroidManifest.xml:63:9-67:19
234-->[com.sap.cloud.android:foundation:3.1.4] AndroidManifest.xml:63:18-111
235            <intent-filter>
235-->src/main/AndroidManifest.xml:64:5-66:21
236                <action android:name="com.google.firebase.MESSAGING_EVENT" />
236-->src/main/AndroidManifest.xml:65:7-67
236-->src/main/AndroidManifest.xml:65:15-65
237            </intent-filter>
238        </service>
239
240        <receiver android:name="com.sap.cloud.mobile.foundation.remotenotification.PushNotificationActionReceiver" >
240-->[com.sap.cloud.android:foundation:3.1.4] AndroidManifest.xml:69:9-73:20
240-->[com.sap.cloud.android:foundation:3.1.4] AndroidManifest.xml:69:19-115
241            <intent-filter>
241-->[com.sap.cloud.android:foundation:3.1.4] AndroidManifest.xml:70:13-72:29
242                <action android:name="CANCEL" />
242-->[com.sap.cloud.android:foundation:3.1.4] AndroidManifest.xml:71:17-49
242-->[com.sap.cloud.android:foundation:3.1.4] AndroidManifest.xml:71:25-46
243            </intent-filter>
244        </receiver>
245        <!--
246             FirebaseMessagingService performs security checks at runtime,
247             but set to not exported to explicitly avoid allowing another app to call it.
248        -->
249        <service
249-->[com.google.firebase:firebase-messaging:20.1.0] AndroidManifest.xml:28:9-34:19
250            android:name="com.google.firebase.messaging.FirebaseMessagingService"
250-->[com.google.firebase:firebase-messaging:20.1.0] AndroidManifest.xml:29:13-82
251            android:exported="false" >
251-->[com.google.firebase:firebase-messaging:20.1.0] AndroidManifest.xml:30:13-37
252            <intent-filter android:priority="-500" >
252-->src/main/AndroidManifest.xml:64:5-66:21
253                <action android:name="com.google.firebase.MESSAGING_EVENT" />
253-->src/main/AndroidManifest.xml:65:7-67
253-->src/main/AndroidManifest.xml:65:15-65
254            </intent-filter>
255        </service>
256        <service
256-->[com.google.firebase:firebase-messaging:20.1.0] AndroidManifest.xml:35:9-41:19
257            android:name="com.google.firebase.components.ComponentDiscoveryService"
257-->[com.google.firebase:firebase-messaging:20.1.0] AndroidManifest.xml:36:13-84
258            android:directBootAware="true"
258-->[com.google.firebase:firebase-common:19.3.0] AndroidManifest.xml:34:13-43
259            android:exported="false" >
259-->[com.google.firebase:firebase-messaging:20.1.0] AndroidManifest.xml:37:13-37
260            <meta-data
260-->[com.google.firebase:firebase-messaging:20.1.0] AndroidManifest.xml:38:13-40:85
261                android:name="com.google.firebase.components:com.google.firebase.messaging.FirebaseMessagingRegistrar"
261-->[com.google.firebase:firebase-messaging:20.1.0] AndroidManifest.xml:39:17-119
262                android:value="com.google.firebase.components.ComponentRegistrar" />
262-->[com.google.firebase:firebase-messaging:20.1.0] AndroidManifest.xml:40:17-82
263            <meta-data
263-->[com.google.firebase:firebase-ml-vision:24.0.1] AndroidManifest.xml:12:13-14:85
264                android:name="com.google.firebase.components:com.google.firebase.ml.vision.VisionRegistrar"
264-->[com.google.firebase:firebase-ml-vision:24.0.1] AndroidManifest.xml:13:17-108
265                android:value="com.google.firebase.components.ComponentRegistrar" />
265-->[com.google.firebase:firebase-ml-vision:24.0.1] AndroidManifest.xml:14:17-82
266            <meta-data
266-->[com.google.firebase:firebase-ml-common:22.0.1] AndroidManifest.xml:11:13-13:85
267                android:name="com.google.firebase.components:com.google.firebase.ml.common.CommonComponentRegistrar"
267-->[com.google.firebase:firebase-ml-common:22.0.1] AndroidManifest.xml:12:17-117
268                android:value="com.google.firebase.components.ComponentRegistrar" />
268-->[com.google.firebase:firebase-ml-common:22.0.1] AndroidManifest.xml:13:17-82
269            <meta-data
269-->[com.google.android.gms:play-services-measurement-api:17.2.1] AndroidManifest.xml:30:13-32:85
270                android:name="com.google.firebase.components:com.google.firebase.analytics.connector.internal.AnalyticsConnectorRegistrar"
270-->[com.google.android.gms:play-services-measurement-api:17.2.1] AndroidManifest.xml:31:17-139
271                android:value="com.google.firebase.components.ComponentRegistrar" />
271-->[com.google.android.gms:play-services-measurement-api:17.2.1] AndroidManifest.xml:32:17-82
272            <meta-data
272-->[com.google.firebase:firebase-iid:20.0.2] AndroidManifest.xml:32:13-34:85